<?xml version="1.0" encoding="UTF-8"?><testsuite failures="1" name="cucumber.runtime.formatter.JUnitFormatter" skipped="0" tests="1" time="4.597942">
<testcase classname="Deal data creation" name="Free CRM Create a new deal scenario" time="4.597942">
<failure message="org.openqa.selenium.NoSuchFrameException: No frame element found by name or id mainpanel&#10;Build info: version: '3.5.3', revision: 'a88d25fe6b', time: '2017-08-29T12:42:44.417Z'&#10;System info: host: 'Murodjons-MBP.fios-router.home', ip: 'fe80:0:0:0:491:cbc3:fd83:d008%en0', os.name: 'Mac OS X', os.arch: 'x86_64', os.version: '10.14.6', java.version: '1.8.0_191'&#10;Driver info: driver.version: unknown&#10;&#9;at org.openqa.selenium.remote.RemoteWebDriver$RemoteTargetLocator.frame(RemoteWebDriver.java:982)&#10;&#9;at stepDefenitions.DealStepDefenition.switchToFrame(DealStepDefenition.java:21)&#10;&#9;at stepDefenitions.DealStepDefenition.user_on_home_page(DealStepDefenition.java:53)&#10;&#9;at ✽.Then User on home page(/Users/murodjonazimov/eclipse-workspace/FreeCRMTestCucumber/src/main/java/Features/dealsMap.feature:10)&#10;"><![CDATA[Given User is already on login page.........................................passed
When Title of login page is CRMPRO - CRM software for customer relationship management, sales, and support..passed
Then User enters username and password......................................passed
Then User clicks on login botton............................................passed
Then User on home page......................................................failed
Then User move to new deal page.............................................skipped
Then User enters deal details...............................................skipped
And Quit the chrome.........................................................skipped

StackTrace:
org.openqa.selenium.NoSuchFrameException: No frame element found by name or id mainpanel
Build info: version: '3.5.3', revision: 'a88d25fe6b', time: '2017-08-29T12:42:44.417Z'
System info: host: 'Murodjons-MBP.fios-router.home', ip: 'fe80:0:0:0:491:cbc3:fd83:d008%en0', os.name: 'Mac OS X', os.arch: 'x86_64', os.version: '10.14.6', java.version: '1.8.0_191'
Driver info: driver.version: unknown
	at org.openqa.selenium.remote.RemoteWebDriver$RemoteTargetLocator.frame(RemoteWebDriver.java:982)
	at stepDefenitions.DealStepDefenition.switchToFrame(DealStepDefenition.java:21)
	at stepDefenitions.DealStepDefenition.user_on_home_page(DealStepDefenition.java:53)
	at ✽.Then User on home page(/Users/murodjonazimov/eclipse-workspace/FreeCRMTestCucumber/src/main/java/Features/dealsMap.feature:10)
]]></failure>
</testcase>
</testsuite>
